<?xml version="1.0" encoding="UTF-8"?>
<!-- Generated by org.testng.reporters.JUnitReportReporter -->
<testsuite hostname="Raza" failures="0" tests="6" name="com.test.api.TestServices" time="0.000" errors="0" timestamp="2022-06-02T21:14:57 PKT" skipped="6">
  <testcase classname="com.test.api.TestServices" name="getByDeletedServiceID" time="0.000">
    <skipped/>
  </testcase> <!-- getByDeletedServiceID -->
  <testcase classname="com.test.api.TestServices" name="getAllServiceData" time="0.000">
    <skipped/>
  </testcase> <!-- getAllServiceData -->
  <testcase classname="com.test.api.TestServices" name="updateServicebyID" time="0.000">
    <skipped/>
  </testcase> <!-- updateServicebyID -->
  <testcase classname="com.test.api.TestServices" name="addServiceData" time="0.000">
    <skipped/>
  </testcase> <!-- addServiceData -->
  <testcase classname="com.test.api.TestServices" name="getByServiceID" time="0.000">
    <skipped/>
  </testcase> <!-- getByServiceID -->
  <testcase classname="com.test.api.TestServices" name="deleteServicebyID" time="0.000">
    <skipped/>
  </testcase> <!-- deleteServicebyID -->
</testsuite> <!-- com.test.api.TestServices -->
