<?xml version="1.0" encoding="UTF-8"?>
<!-- Generated by org.testng.reporters.JUnitReportReporter -->
<testsuite hostname="Raza" failures="0" tests="2" name="com.test.api.TestUtilities" time="0.000" errors="0" timestamp="2022-06-02T21:14:57 PKT" skipped="2">
  <testcase classname="com.test.api.TestUtilities" name="getSystemHealthCheckInfo" time="0.000">
    <skipped/>
  </testcase> <!-- getSystemHealthCheckInfo -->
  <testcase classname="com.test.api.TestUtilities" name="getAPIVersion" time="0.000">
    <skipped/>
  </testcase> <!-- getAPIVersion -->
</testsuite> <!-- com.test.api.TestUtilities -->
