<?xml version="1.0" encoding="UTF-8"?>
<!-- Generated by org.testng.reporters.JUnitReportReporter -->
<testsuite hostname="Raza" failures="0" tests="10" name="com.test.api.TestProducts" time="0.000" errors="0" timestamp="2022-06-02T21:14:57 PKT" skipped="10">
  <testcase classname="com.test.api.TestProducts" name="getProductsWithSkip" time="0.000">
    <skipped/>
  </testcase> <!-- getProductsWithSkip -->
  <testcase classname="com.test.api.TestProducts" name="invalidProductID" time="0.000">
    <skipped/>
  </testcase> <!-- invalidProductID -->
  <testcase classname="com.test.api.TestProducts" name="getByProductID" time="0.000">
    <skipped/>
  </testcase> <!-- getByProductID -->
  <testcase classname="com.test.api.TestProducts" name="updateProductbyID" time="0.000">
    <skipped/>
  </testcase> <!-- updateProductbyID -->
  <testcase classname="com.test.api.TestProducts" name="invalidPostProdBody" time="0.000">
    <skipped/>
  </testcase> <!-- invalidPostProdBody -->
  <testcase classname="com.test.api.TestProducts" name="getProductsWithLimit" time="0.000">
    <skipped/>
  </testcase> <!-- getProductsWithLimit -->
  <testcase classname="com.test.api.TestProducts" name="getAllProducts" time="0.000">
    <skipped/>
  </testcase> <!-- getAllProducts -->
  <testcase classname="com.test.api.TestProducts" name="getByDeletedProductID" time="0.000">
    <skipped/>
  </testcase> <!-- getByDeletedProductID -->
  <testcase classname="com.test.api.TestProducts" name="deleteProductbyID" time="0.000">
    <skipped/>
  </testcase> <!-- deleteProductbyID -->
  <testcase classname="com.test.api.TestProducts" name="addProduct" time="0.000">
    <skipped/>
  </testcase> <!-- addProduct -->
</testsuite> <!-- com.test.api.TestProducts -->
