<?xml version="1.0" encoding="UTF-8"?>
<!-- Generated by org.testng.reporters.JUnitReportReporter -->
<testsuite hostname="Raza" failures="0" tests="7" name="com.test.api.TestStores" time="0.000" errors="0" timestamp="2022-06-02T21:14:57 PKT" skipped="7">
  <testcase classname="com.test.api.TestStores" name="deleteStoreData" time="0.000">
    <skipped/>
  </testcase> <!-- deleteStoreData -->
  <testcase classname="com.test.api.TestStores" name="addStoreData" time="0.000">
    <skipped/>
  </testcase> <!-- addStoreData -->
  <testcase classname="com.test.api.TestStores" name="getByDeletedStoreID" time="0.000">
    <skipped/>
  </testcase> <!-- getByDeletedStoreID -->
  <testcase classname="com.test.api.TestStores" name="getAllStores" time="0.000">
    <skipped/>
  </testcase> <!-- getAllStores -->
  <testcase classname="com.test.api.TestStores" name="invalidStoreID" time="0.000">
    <skipped/>
  </testcase> <!-- invalidStoreID -->
  <testcase classname="com.test.api.TestStores" name="updateStorebyID" time="0.000">
    <skipped/>
  </testcase> <!-- updateStorebyID -->
  <testcase classname="com.test.api.TestStores" name="getByStoreID" time="0.000">
    <skipped/>
  </testcase> <!-- getByStoreID -->
</testsuite> <!-- com.test.api.TestStores -->
